\BOOKMARK [1][-]{section.1}{Einleitung}{}% 1
\BOOKMARK [2][-]{subsection.1.1}{Aufgabenstellung}{section.1}% 2
\BOOKMARK [2][-]{subsection.1.2}{Ausgangssituation}{section.1}% 3
\BOOKMARK [2][-]{subsection.1.3}{Systemarchitektur}{section.1}% 4
\BOOKMARK [3][-]{subsubsection.1.3.1}{Hardware}{subsection.1.3}% 5
\BOOKMARK [3][-]{subsubsection.1.3.2}{Software}{subsection.1.3}% 6
\BOOKMARK [2][-]{subsection.1.4}{Arbeitspakete}{section.1}% 7
\BOOKMARK [1][-]{section.2}{State of the Art}{}% 8
\BOOKMARK [2][-]{subsection.2.1}{Bilderkennung}{section.2}% 9
\BOOKMARK [2][-]{subsection.2.2}{Bahnplanung \046 Greifen}{section.2}% 10
\BOOKMARK [1][-]{section.3}{Arbeitsbericht}{}% 11
\BOOKMARK [2][-]{subsection.3.1}{Allgemein}{section.3}% 12
\BOOKMARK [2][-]{subsection.3.2}{Bilderkennung}{section.3}% 13
\BOOKMARK [3][-]{subsubsection.3.2.1}{Tassenerkennung}{subsection.3.2}% 14
\BOOKMARK [3][-]{subsubsection.3.2.2}{Turtleboterkennung}{subsection.3.2}% 15
\BOOKMARK [3][-]{subsubsection.3.2.3}{Automatische Kamerakalibrierung}{subsection.3.2}% 16
\BOOKMARK [2][-]{subsection.3.3}{Bahnplanung \046 Greifen}{section.3}% 17
\BOOKMARK [3][-]{subsubsection.3.3.1}{Bahnplanung}{subsection.3.3}% 18
\BOOKMARK [3][-]{subsubsection.3.3.2}{Greifen}{subsection.3.3}% 19
\BOOKMARK [2][-]{subsection.3.4}{High-level Steuerung \046 Kommunikation}{section.3}% 20
\BOOKMARK [1][-]{section.4}{Beschreibung des Gesamtsystems}{}% 21
\BOOKMARK [2][-]{subsection.4.1}{Bilderkennung}{section.4}% 22
\BOOKMARK [3][-]{subsubsection.4.1.1}{Tassenerkennung}{subsection.4.1}% 23
\BOOKMARK [3][-]{subsubsection.4.1.2}{Automatische Kamerakalibrierung}{subsection.4.1}% 24
\BOOKMARK [2][-]{subsection.4.2}{Bahnplanung \046 Greifen}{section.4}% 25
\BOOKMARK [3][-]{subsubsection.4.2.1}{Bahnplanung}{subsection.4.2}% 26
\BOOKMARK [3][-]{subsubsection.4.2.2}{Greifen}{subsection.4.2}% 27
\BOOKMARK [2][-]{subsection.4.3}{High-level Steuerung \046 Kommunikation}{section.4}% 28
\BOOKMARK [1][-]{section.5}{Evaluation \046 Ausblick}{}% 29
\BOOKMARK [2][-]{subsection.5.1}{Bilderkennung}{section.5}% 30
\BOOKMARK [3][-]{subsubsection.5.1.1}{Tassenerkennung}{subsection.5.1}% 31
\BOOKMARK [3][-]{subsubsection.5.1.2}{Turtleboterkennung}{subsection.5.1}% 32
\BOOKMARK [3][-]{subsubsection.5.1.3}{Automatische Kamerakalibrierung}{subsection.5.1}% 33
\BOOKMARK [2][-]{subsection.5.2}{Bahnplanung \046 Greifen}{section.5}% 34
\BOOKMARK [3][-]{subsubsection.5.2.1}{Bahnplanung}{subsection.5.2}% 35
\BOOKMARK [3][-]{subsubsection.5.2.2}{Greifen}{subsection.5.2}% 36
\BOOKMARK [2][-]{subsection.5.3}{High-level Steuerung \046 Kommunikation}{section.5}% 37
\BOOKMARK [2][-]{subsection.5.4}{Gesamtsystem}{section.5}% 38
